  Buffer.cpp
C:\Users\alexm\Desktop\OpenGL_Stuff\Lesson_30\Graphics_Engine\Shader.h(5,10): fatal  error C1083: Cannot open include file: 'glm.hpp': No such file or directory
  Camera.cpp
C:\Users\alexm\Desktop\OpenGL_Stuff\Lesson_30\Graphics_Engine\Camera.cpp(1,10): fatal  error C1083: Cannot open include file: 'gtc\matrix_transform.hpp': No such file or directory
  Cube.cpp
C:\Users\alexm\Desktop\OpenGL_Stuff\Lesson_30\Graphics_Engine\Shader.h(5,10): fatal  error C1083: Cannot open include file: 'glm.hpp': No such file or directory
  Grid.cpp
C:\Users\alexm\Desktop\OpenGL_Stuff\Lesson_30\Graphics_Engine\Grid.cpp(1,10): fatal  error C1083: Cannot open include file: 'gtc/matrix_transform.hpp': No such file or directory
  imgui.cpp
  imgui_demo.cpp
  imgui_draw.cpp
  imgui_impl_opengl3.cpp
C:\Users\alexm\Desktop\OpenGL_Stuff\Lesson_30\Graphics_Engine\imgui\imgui_impl_opengl3.cpp(141,10): fatal  error C1083: Cannot open include file: 'imgui_impl_opengl3_loader.h': No such file or directory
  imgui_impl_sdl.cpp
C:\Users\alexm\Desktop\OpenGL_Stuff\Lesson_30\Graphics_Engine\imgui\imgui_impl_sdl.cpp(65,10): fatal  error C1083: Cannot open include file: 'SDL.h': No such file or directory
  imgui_tables.cpp
  imgui_widgets.cpp
  Input.cpp
C:\Users\alexm\Desktop\OpenGL_Stuff\Lesson_30\Graphics_Engine\Input.h(3,10): fatal  error C1083: Cannot open include file: 'glm.hpp': No such file or directory
  Light.cpp
C:\Users\alexm\Desktop\OpenGL_Stuff\Lesson_30\Graphics_Engine\Light.cpp(1,10): fatal  error C1083: Cannot open include file: 'gtc/matrix_transform.hpp': No such file or directory
  Main.cpp
C:\Users\alexm\Desktop\OpenGL_Stuff\Lesson_30\Graphics_Engine\Main.cpp(10,10): fatal  error C1083: Cannot open include file: 'SDL.h': No such file or directory
  Material.cpp
C:\Users\alexm\Desktop\OpenGL_Stuff\Lesson_30\Graphics_Engine\Material.h(6,10): fatal  error C1083: Cannot open include file: 'glm.hpp': No such file or directory
  Model.cpp
C:\Users\alexm\Desktop\OpenGL_Stuff\Lesson_30\Graphics_Engine\Shader.h(5,10): fatal  error C1083: Cannot open include file: 'glm.hpp': No such file or directory
  Object.cpp
C:\Users\alexm\Desktop\OpenGL_Stuff\Lesson_30\Graphics_Engine\Object.h(4,10): fatal  error C1083: Cannot open include file: 'glm.hpp': No such file or directory
  Quad.cpp
C:\Users\alexm\Desktop\OpenGL_Stuff\Lesson_30\Graphics_Engine\Shader.h(5,10): fatal  error C1083: Cannot open include file: 'glm.hpp': No such file or directory
  Screen.cpp
C:\Users\alexm\Desktop\OpenGL_Stuff\Lesson_30\Graphics_Engine\Screen.h(3,10): fatal  error C1083: Cannot open include file: 'SDL.h': No such file or directory
  Shader.cpp
C:\Users\alexm\Desktop\OpenGL_Stuff\Lesson_30\Graphics_Engine\Shader.h(5,10): fatal  error C1083: Cannot open include file: 'glm.hpp': No such file or directory
  Generating Code...
  Compiling...
  Texture.cpp
C:\Users\alexm\Desktop\OpenGL_Stuff\Lesson_30\Graphics_Engine\Texture.cpp(2,10): fatal  error C1083: Cannot open include file: 'SDL_image.h': No such file or directory
  Transform.cpp
C:\Users\alexm\Desktop\OpenGL_Stuff\Lesson_30\Graphics_Engine\Transform.cpp(1,10): fatal  error C1083: Cannot open include file: 'gtc\matrix_transform.hpp': No such file or directory
  Utility.cpp
  Generating Code...
